<?xml version="1.0" encoding="UTF-8"?>
<testng-results skipped="0" failed="0" total="1" passed="1">
  <reporter-output>
  </reporter-output>
  <suite name="Default suite" duration-ms="32665" started-at="2018-05-17T21:17:24Z" finished-at="2018-05-17T21:17:56Z">
    <groups>
    </groups>
    <test name="Default test" duration-ms="32665" started-at="2018-05-17T21:17:24Z" finished-at="2018-05-17T21:17:56Z">
      <class name="testing.AltaVc">
        <test-method status="PASS" signature="setUp()[pri:0, instance:testing.AltaVc@28feb3fa]" name="setUp" is-config="true" duration-ms="4231" started-at="2018-05-17T18:17:24Z" finished-at="2018-05-17T18:17:28Z">
          <reporter-output>
          </reporter-output>
        </test-method> <!-- setUp -->
        <test-method status="PASS" signature="testJava()[pri:0, instance:testing.AltaVc@28feb3fa]" name="testJava" duration-ms="27683" started-at="2018-05-17T18:17:28Z" finished-at="2018-05-17T18:17:56Z">
          <reporter-output>
          </reporter-output>
        </test-method> <!-- testJava -->
        <test-method status="PASS" signature="tearDown()[pri:0, instance:testing.AltaVc@28feb3fa]" name="tearDown" is-config="true" duration-ms="726" started-at="2018-05-17T18:17:56Z" finished-at="2018-05-17T18:17:56Z">
          <reporter-output>
          </reporter-output>
        </test-method> <!-- tearDown -->
      </class> <!-- testing.AltaVc -->
    </test> <!-- Default test -->
  </suite> <!-- Default suite -->
</testng-results>
